#
# There is insufficient memory for the Java Runtime Environment to continue.
# Native memory allocation (malloc) failed to allocate 32744 bytes for ChunkPool::allocate
# Possible reasons:
#   The system is out of physical RAM or swap space
#   In 32 bit mode, the process size limit was hit
# Possible solutions:
#   Reduce memory load on the system
#   Increase physical memory or swap space
#   Check if swap backing store is full
#   Use 64 bit Java on a 64 bit OS
#   Decrease Java heap size (-Xmx/-Xms)
#   Decrease number of Java threads
#   Decrease Java thread stack sizes (-Xss)
#   Set larger code cache with -XX:ReservedCodeCacheSize=
# This output file may be truncated or incomplete.
#
#  Out of Memory Error (allocation.cpp:273), pid=18204, tid=0x0000000000005e84
#
# JRE version: OpenJDK Runtime Environment (8.0_152-b02) (build 1.8.0_152-release-1024-b02)
# Java VM: OpenJDK 64-Bit Server VM (25.152-b02 mixed mode windows-amd64 compressed oops)
# Failed to write core dump. Minidumps are not enabled by default on client versions of Windows
#

---------------  T H R E A D  ---------------

Current thread (0x0000000018cee800):  JavaThread "C2 CompilerThread2" daemon [_thread_in_native, id=24196, stack(0x00000000196d0000,0x00000000197d0000)]

Stack: [0x00000000196d0000,0x00000000197d0000]
[error occurred during error reporting (printing stack bounds), id 0xc0000005]

Native frames: (J=compiled Java code, j=interpreted, Vv=VM code, C=native code)


Current CompileTask:
C2:   5976 4116   !   4       com.sun.beans.TypeResolver::resolve (274 bytes)


---------------  P R O C E S S  ---------------

Java Threads: ( => current thread )
  0x0000000020d2c000 JavaThread "Memory manager" [_thread_blocked, id=24544, stack(0x0000000023410000,0x0000000023510000)]
  0x0000000020d32800 JavaThread "build operations Thread 8" [_thread_blocked, id=22120, stack(0x0000000022d10000,0x0000000022e10000)]
  0x0000000020d32000 JavaThread "build operations Thread 7" [_thread_blocked, id=22880, stack(0x0000000022c10000,0x0000000022d10000)]
  0x000000001ca45000 JavaThread "build operations Thread 6" [_thread_blocked, id=9392, stack(0x0000000022b10000,0x0000000022c10000)]
  0x000000001ca44000 JavaThread "build operations Thread 5" [_thread_blocked, id=21708, stack(0x0000000022a10000,0x0000000022b10000)]
  0x000000001ca45800 JavaThread "build operations Thread 4" [_thread_blocked, id=22008, stack(0x0000000022910000,0x0000000022a10000)]
  0x000000001ca42800 JavaThread "build operations Thread 3" [_thread_blocked, id=14660, stack(0x0000000022810000,0x0000000022910000)]
  0x000000001ca42000 JavaThread "build operations Thread 2" [_thread_blocked, id=15580, stack(0x0000000022500000,0x0000000022600000)]
  0x000000001ca40800 JavaThread "build operations" [_thread_blocked, id=24700, stack(0x000000001fdb0000,0x000000001feb0000)]
  0x000000001ca41000 JavaThread "Cache worker for Artifact transforms cache (C:\Users\blibl\.gradle\caches\transforms-1)" [_thread_blocked, id=15540, stack(0x000000001fcb0000,0x000000001fdb0000)]
  0x000000001af3b800 JavaThread "Cache worker for file hash cache (D:\workspaces\ws-android\TPAndroid\.gradle\4.4\fileHashes)" [_thread_blocked, id=24708, stack(0x000000001d810000,0x000000001d910000)]
  0x000000001adf8800 JavaThread "File lock request listener" [_thread_in_native, id=19020, stack(0x000000001c740000,0x000000001c840000)]
  0x000000001ae36800 JavaThread "Cache worker for file hash cache (C:\Users\blibl\.gradle\caches\4.4\fileHashes)" [_thread_blocked, id=25116, stack(0x000000001c640000,0x000000001c740000)]
  0x000000001ad9c000 JavaThread "Stdin handler" [_thread_blocked, id=13372, stack(0x000000001c240000,0x000000001c340000)]
  0x000000001ac4a000 JavaThread "Asynchronous log dispatcher for DefaultDaemonConnection: socket connection from /127.0.0.1:59077 to /127.0.0.1:59078" [_thread_blocked, id=23676, stack(0x000000001c140000,0x000000001c240000)]
  0x000000001ac46000 JavaThread "Daemon worker" [_thread_in_Java, id=23924, stack(0x000000001c040000,0x000000001c140000)]
  0x000000001acdc800 JavaThread "Cancel handler" [_thread_blocked, id=22724, stack(0x000000001bf40000,0x000000001c040000)]
  0x000000001a96e000 JavaThread "Handler for socket connection from /127.0.0.1:59077 to /127.0.0.1:59078" [_thread_in_native, id=25380, stack(0x000000001bc40000,0x000000001bd40000)]
  0x000000001a96b000 JavaThread "Daemon" [_thread_blocked, id=19200, stack(0x000000001bb40000,0x000000001bc40000)]
  0x000000001ad41800 JavaThread "Daemon periodic checks" [_thread_blocked, id=25444, stack(0x000000001ba40000,0x000000001bb40000)]
  0x000000001aad6800 JavaThread "Incoming local TCP Connector on port 59077" [_thread_in_native, id=23968, stack(0x000000001b7e0000,0x000000001b8e0000)]
  0x0000000018d8a000 JavaThread "Service Thread" daemon [_thread_blocked, id=25384, stack(0x00000000198d0000,0x00000000199d0000)]
  0x0000000018cf6800 JavaThread "C1 CompilerThread3" daemon [_thread_blocked, id=10896, stack(0x00000000197d0000,0x00000000198d0000)]
=>0x0000000018cee800 JavaThread "C2 CompilerThread2" daemon [_thread_in_native, id=24196, stack(0x00000000196d0000,0x00000000197d0000)]
  0x0000000018ced000 JavaThread "C2 CompilerThread1" daemon [_thread_in_native, id=19024, stack(0x00000000195d0000,0x00000000196d0000)]
  0x0000000018cea000 JavaThread "C2 CompilerThread0" daemon [_thread_in_native, id=24448, stack(0x00000000194d0000,0x00000000195d0000)]
  0x0000000018ce9000 JavaThread "Attach Listener" daemon [_thread_blocked, id=2660, stack(0x00000000193d0000,0x00000000194d0000)]
  0x0000000018ce8800 JavaThread "Signal Dispatcher" daemon [_thread_blocked, id=24148, stack(0x00000000192d0000,0x00000000193d0000)]
  0x0000000018ce0800 JavaThread "Finalizer" daemon [_thread_blocked, id=23764, stack(0x00000000190c0000,0x00000000191c0000)]
  0x0000000003029000 JavaThread "Reference Handler" daemon [_thread_blocked, id=10720, stack(0x0000000018bc0000,0x0000000018cc0000)]
  0x0000000002dae800 JavaThread "main" [_thread_blocked, id=23868, stack(0x0000000002e30000,0x0000000002f30000)]

Other Threads:
  0x0000000016de7000 VMThread [stack: 0x0000000018ac0000,0x0000000018bc0000] [id=21616]
  0x0000000018d92800 WatcherThread [stack: 0x00000000199d0000,0x0000000019ad0000] [id=9488]

VM state:not at safepoint (normal execution)

VM Mutex/Monitor currently owned by a thread: None

Heap:
 PSYoungGen      total 141312K, used 126976K [0x00000000e0000000, 0x00000000e9800000, 0x0000000100000000)
  eden space 126976K, 100% used [0x00000000e0000000,0x00000000e7c00000,0x00000000e7c00000)
  from space 14336K, 0% used [0x00000000e8a00000,0x00000000e8a00000,0x00000000e9800000)
  to   space 10752K, 0% used [0x00000000e7c80000,0x00000000e7c80000,0x00000000e8700000)
 ParOldGen       total 158720K, used 15825K [0x00000000a0000000, 0x00000000a9b00000, 0x00000000e0000000)
  object space 158720K, 9% used [0x00000000a0000000,0x00000000a0f74628,0x00000000a9b00000)
 Metaspace       used 43103K, capacity 44182K, committed 44288K, reserved 1087488K
  class space    used 5967K, capacity 6333K, committed 6400K, reserved 1048576K

Card table byte_map: [0x00000000123f0000,0x0000000012700000] byte_map_base: 0x0000000011ef0000

Marking Bits: (ParMarkBitMap*) 0x0000000061d64970
 Begin Bits: [0x0000000013100000, 0x0000000014900000)
 End Bits:   [0x0000000014900000, 0x0000000016100000)

Polling page: 0x0000000002d40000

CodeCache: size=245760Kb used=14592Kb max_used=14592Kb free=231167Kb
 bounds [0x0000000003030000, 0x0000000003e80000, 0x0000000012030000]
 total_blobs=4866 nmethods=4149 adapters=630
 compilation: enabled

Compilation events (10 events):
Event: 5.951 Thread 0x0000000018cf6800 nmethod 4194 0x0000000003e76cd0 code [0x0000000003e772c0, 0x0000000003e7afb8]
Event: 5.951 Thread 0x0000000018cf6800 4195       3       sun.misc.ProxyGenerator::codeClassForName (41 bytes)
Event: 5.952 Thread 0x0000000018cf6800 nmethod 4195 0x0000000003155950 code [0x0000000003155ca0, 0x0000000003157378]
Event: 5.961 Thread 0x0000000018cf6800 4196       3       java.lang.Class::getMethods (17 bytes)
Event: 5.962 Thread 0x0000000018cf6800 nmethod 4196 0x000000000315e150 code [0x000000000315e2e0, 0x000000000315e518]
Event: 5.963 Thread 0x0000000018ced000 4197       4       java.lang.Class::getMethod0 (40 bytes)
Event: 5.971 Thread 0x0000000018cf6800 4199       3       sun.misc.ProxyGenerator$ProxyMethod::<init> (64 bytes)
Event: 5.972 Thread 0x0000000018cf6800 nmethod 4199 0x0000000003153a50 code [0x0000000003153c20, 0x00000000031544c8]
Event: 5.972 Thread 0x0000000018cf6800 4198       3       sun.misc.ProxyGenerator::collectCompatibleTypes (93 bytes)
Event: 5.972 Thread 0x0000000018cf6800 nmethod 4198 0x00000000031f1310 code [0x00000000031f14c0, 0x00000000031f1a88]

GC Heap History (10 events):
Event: 1.659 GC heap before
{Heap before GC invocations=4 (full 1):
 PSYoungGen      total 76288K, used 8831K [0x00000000e0000000, 0x00000000e9500000, 0x0000000100000000)
  eden space 65536K, 0% used [0x00000000e0000000,0x00000000e0000000,0x00000000e4000000)
  from space 10752K, 82% used [0x00000000e4000000,0x00000000e489fe70,0x00000000e4a80000)
  to   space 10752K, 0% used [0x00000000e8a80000,0x00000000e8a80000,0x00000000e9500000)
 ParOldGen       total 175104K, used 32K [0x00000000a0000000, 0x00000000aab00000, 0x00000000e0000000)
  object space 175104K, 0% used [0x00000000a0000000,0x00000000a0008000,0x00000000aab00000)
 Metaspace       used 20755K, capacity 21196K, committed 21248K, reserved 1067008K
  class space    used 2901K, capacity 3043K, committed 3072K, reserved 1048576K
Event: 1.683 GC heap after
Heap after GC invocations=4 (full 1):
 PSYoungGen      total 76288K, used 0K [0x00000000e0000000, 0x00000000e9500000, 0x0000000100000000)
  eden space 65536K, 0% used [0x00000000e0000000,0x00000000e0000000,0x00000000e4000000)
  from space 10752K, 0% used [0x00000000e4000000,0x00000000e4000000,0x00000000e4a80000)
  to   space 10752K, 0% used [0x00000000e8a80000,0x00000000e8a80000,0x00000000e9500000)
 ParOldGen       total 111616K, used 8546K [0x00000000a0000000, 0x00000000a6d00000, 0x00000000e0000000)
  object space 111616K, 7% used [0x00000000a0000000,0x00000000a0858a88,0x00000000a6d00000)
 Metaspace       used 20755K, capacity 21196K, committed 21248K, reserved 1067008K
  class space    used 2901K, capacity 3043K, committed 3072K, reserved 1048576K
}
Event: 2.245 GC heap before
{Heap before GC invocations=5 (full 1):
 PSYoungGen      total 76288K, used 65536K [0x00000000e0000000, 0x00000000e9500000, 0x0000000100000000)
  eden space 65536K, 100% used [0x00000000e0000000,0x00000000e4000000,0x00000000e4000000)
  from space 10752K, 0% used [0x00000000e4000000,0x00000000e4000000,0x00000000e4a80000)
  to   space 10752K, 0% used [0x00000000e8a80000,0x00000000e8a80000,0x00000000e9500000)
 ParOldGen       total 111616K, used 8546K [0x00000000a0000000, 0x00000000a6d00000, 0x00000000e0000000)
  object space 111616K, 7% used [0x00000000a0000000,0x00000000a0858a88,0x00000000a6d00000)
 Metaspace       used 26382K, capacity 26972K, committed 27136K, reserved 1073152K
  class space    used 3627K, capacity 3809K, committed 3840K, reserved 1048576K
Event: 2.249 GC heap after
Heap after GC invocations=5 (full 1):
 PSYoungGen      total 99840K, used 6851K [0x00000000e0000000, 0x00000000e9180000, 0x0000000100000000)
  eden space 92672K, 0% used [0x00000000e0000000,0x00000000e0000000,0x00000000e5a80000)
  from space 7168K, 95% used [0x00000000e8a80000,0x00000000e9130c28,0x00000000e9180000)
  to   space 10752K, 0% used [0x00000000e7c80000,0x00000000e7c80000,0x00000000e8700000)
 ParOldGen       total 111616K, used 8554K [0x00000000a0000000, 0x00000000a6d00000, 0x00000000e0000000)
  object space 111616K, 7% used [0x00000000a0000000,0x00000000a085aa88,0x00000000a6d00000)
 Metaspace       used 26382K, capacity 26972K, committed 27136K, reserved 1073152K
  class space    used 3627K, capacity 3809K, committed 3840K, reserved 1048576K
}
Event: 4.670 GC heap before
{Heap before GC invocations=6 (full 1):
 PSYoungGen      total 99840K, used 99523K [0x00000000e0000000, 0x00000000e9180000, 0x0000000100000000)
  eden space 92672K, 100% used [0x00000000e0000000,0x00000000e5a80000,0x00000000e5a80000)
  from space 7168K, 95% used [0x00000000e8a80000,0x00000000e9130c28,0x00000000e9180000)
  to   space 10752K, 0% used [0x00000000e7c80000,0x00000000e7c80000,0x00000000e8700000)
 ParOldGen       total 111616K, used 8554K [0x00000000a0000000, 0x00000000a6d00000, 0x00000000e0000000)
  object space 111616K, 7% used [0x00000000a0000000,0x00000000a085aa88,0x00000000a6d00000)
 Metaspace       used 33842K, capacity 34688K, committed 35072K, reserved 1079296K
  class space    used 4739K, capacity 4999K, committed 5120K, reserved 1048576K
Event: 4.678 GC heap after
Heap after GC invocations=6 (full 1):
 PSYoungGen      total 137728K, used 10736K [0x00000000e0000000, 0x00000000e9800000, 0x0000000100000000)
  eden space 126976K, 0% used [0x00000000e0000000,0x00000000e0000000,0x00000000e7c00000)
  from space 10752K, 99% used [0x00000000e7c80000,0x00000000e86fc390,0x00000000e8700000)
  to   space 14336K, 0% used [0x00000000e8a00000,0x00000000e8a00000,0x00000000e9800000)
 ParOldGen       total 111616K, used 11391K [0x00000000a0000000, 0x00000000a6d00000, 0x00000000e0000000)
  object space 111616K, 10% used [0x00000000a0000000,0x00000000a0b1fcf0,0x00000000a6d00000)
 Metaspace       used 33842K, capacity 34688K, committed 35072K, reserved 1079296K
  class space    used 4739K, capacity 4999K, committed 5120K, reserved 1048576K
}
Event: 4.773 GC heap before
{Heap before GC invocations=7 (full 1):
 PSYoungGen      total 137728K, used 16808K [0x00000000e0000000, 0x00000000e9800000, 0x0000000100000000)
  eden space 126976K, 4% used [0x00000000e0000000,0x00000000e05ede00,0x00000000e7c00000)
  from space 10752K, 99% used [0x00000000e7c80000,0x00000000e86fc390,0x00000000e8700000)
  to   space 14336K, 0% used [0x00000000e8a00000,0x00000000e8a00000,0x00000000e9800000)
 ParOldGen       total 111616K, used 11391K [0x00000000a0000000, 0x00000000a6d00000, 0x00000000e0000000)
  object space 111616K, 10% used [0x00000000a0000000,0x00000000a0b1fcf0,0x00000000a6d00000)
 Metaspace       used 34493K, capacity 35264K, committed 35416K, reserved 1079296K
  class space    used 4828K, capacity 5063K, committed 5120K, reserved 1048576K
Event: 4.780 GC heap after
Heap after GC invocations=7 (full 1):
 PSYoungGen      total 141312K, used 9288K [0x00000000e0000000, 0x00000000e9800000, 0x0000000100000000)
  eden space 126976K, 0% used [0x00000000e0000000,0x00000000e0000000,0x00000000e7c00000)
  from space 14336K, 64% used [0x00000000e8a00000,0x00000000e93123f0,0x00000000e9800000)
  to   space 10752K, 0% used [0x00000000e7c80000,0x00000000e7c80000,0x00000000e8700000)
 ParOldGen       total 111616K, used 11399K [0x00000000a0000000, 0x00000000a6d00000, 0x00000000e0000000)
  object space 111616K, 10% used [0x00000000a0000000,0x00000000a0b21cf0,0x00000000a6d00000)
 Metaspace       used 34493K, capacity 35264K, committed 35416K, reserved 1079296K
  class space    used 4828K, capacity 5063K, committed 5120K, reserved 1048576K
}
Event: 4.780 GC heap before
{Heap before GC invocations=8 (full 2):
 PSYoungGen      total 141312K, used 9288K [0x00000000e0000000, 0x00000000e9800000, 0x0000000100000000)
  eden space 126976K, 0% used [0x00000000e0000000,0x00000000e0000000,0x00000000e7c00000)
  from space 14336K, 64% used [0x00000000e8a00000,0x00000000e93123f0,0x00000000e9800000)
  to   space 10752K, 0% used [0x00000000e7c80000,0x00000000e7c80000,0x00000000e8700000)
 ParOldGen       total 111616K, used 11399K [0x00000000a0000000, 0x00000000a6d00000, 0x00000000e0000000)
  object space 111616K, 10% used [0x00000000a0000000,0x00000000a0b21cf0,0x00000000a6d00000)
 Metaspace       used 34493K, capacity 35264K, committed 35416K, reserved 1079296K
  class space    used 4828K, capacity 5063K, committed 5120K, reserved 1048576K
Event: 4.815 GC heap after
Heap after GC invocations=8 (full 2):
 PSYoungGen      total 141312K, used 0K [0x00000000e0000000, 0x00000000e9800000, 0x0000000100000000)
  eden space 126976K, 0% used [0x00000000e0000000,0x00000000e0000000,0x00000000e7c00000)
  from space 14336K, 0% used [0x00000000e8a00000,0x00000000e8a00000,0x00000000e9800000)
  to   space 10752K, 0% used [0x00000000e7c80000,0x00000000e7c80000,0x00000000e8700000)
 ParOldGen       total 158720K, used 15825K [0x00000000a0000000, 0x00000000a9b00000, 0x00000000e0000000)
  object space 158720K, 9% used [0x00000000a0000000,0x00000000a0f74628,0x00000000a9b00000)
 Metaspace       used 34493K, capacity 35264K, committed 35416K, reserved 1079296K
  class space    used 4828K, capacity 5063K, committed 5120K, reserved 1048576K
}

Deoptimization events (10 events):
Event: 5.251 Thread 0x000000001ac46000 Uncommon trap: reason=unstable_if action=reinterpret pc=0x0000000003ba0b04 method=java.util.jar.JarFile.getInputStream(Ljava/util/zip/ZipEntry;)Ljava/io/InputStream; @ 37
Event: 5.262 Thread 0x000000001ac46000 Uncommon trap: reason=unstable_if action=reinterpret pc=0x0000000003bbd948 method=java.util.jar.JarFile$JarFileEntry.getCodeSigners()[Ljava/security/CodeSigner; @ 24
Event: 5.263 Thread 0x000000001ac46000 Uncommon trap: reason=unstable_if action=reinterpret pc=0x0000000003b79770 method=java.security.CodeSource.<init>(Ljava/net/URL;[Ljava/security/CodeSigner;)V @ 25
Event: 5.263 Thread 0x000000001ac46000 Uncommon trap: reason=unstable_if action=reinterpret pc=0x000000000354836c method=java.security.CodeSource.getCertificates()[Ljava/security/cert/Certificate; @ 22
Event: 5.264 Thread 0x000000001ac46000 Uncommon trap: reason=unstable_if action=reinterpret pc=0x0000000003bc5004 method=java.security.CodeSource.matchCerts(Ljava/security/CodeSource;Z)Z @ 11
Event: 5.280 Thread 0x000000001ac46000 Uncommon trap: reason=unstable_if action=reinterpret pc=0x0000000003b2bf38 method=java.util.LinkedHashMap.get(Ljava/lang/Object;)Ljava/lang/Object; @ 20
Event: 5.323 Thread 0x000000001ac46000 Uncommon trap: reason=unstable_if action=reinterpret pc=0x0000000003ba3e18 method=java.security.CodeSource.matchCerts(Ljava/security/CodeSource;Z)Z @ 11
Event: 5.401 Thread 0x000000001ac46000 Uncommon trap: reason=unstable_if action=reinterpret pc=0x0000000003427180 method=org.gradle.internal.logging.text.AbstractLineChoppingStyledTextOutput$2.execute(Lorg/gradle/internal/logging/text/AbstractLineChoppingStyledTextOutput$StateContext;)V @ 30
Event: 5.401 Thread 0x000000001ac46000 Uncommon trap: reason=unstable_if action=reinterpret pc=0x00000000033f4c8c method=org.gradle.internal.logging.text.AbstractLineChoppingStyledTextOutput$2.execute(Lorg/gradle/internal/logging/text/AbstractLineChoppingStyledTextOutput$StateContext;)V @ 30
Event: 5.536 Thread 0x000000001ac46000 Uncommon trap: reason=unstable_if action=reinterpret pc=0x0000000003da79ec method=org.gradle.internal.reflect.PropertyAccessorType.of(Ljava/lang/reflect/Method;)Lorg/gradle/internal/reflect/PropertyAccessorType; @ 56

Classes redefined (0 events):
No events

Internal exceptions (10 events):
Event: 5.826 Thread 0x000000001ac46000 Exception <a 'sun/nio/fs/WindowsException'> (0x00000000e6f699a0) thrown at [D:\src\AOSP-openjdk-cygwin\jdk8u\hotspot\src\share\vm\prims\jni.cpp, line 709]
Event: 5.826 Thread 0x000000001ac46000 Exception <a 'sun/nio/fs/WindowsException'> (0x00000000e6f6a430) thrown at [D:\src\AOSP-openjdk-cygwin\jdk8u\hotspot\src\share\vm\prims\jni.cpp, line 709]
Event: 5.826 Thread 0x000000001ac46000 Exception <a 'sun/nio/fs/WindowsException'> (0x00000000e6f6bf08) thrown at [D:\src\AOSP-openjdk-cygwin\jdk8u\hotspot\src\share\vm\prims\jni.cpp, line 709]
Event: 5.826 Thread 0x000000001ac46000 Exception <a 'sun/nio/fs/WindowsException'> (0x00000000e6f6c9d0) thrown at [D:\src\AOSP-openjdk-cygwin\jdk8u\hotspot\src\share\vm\prims\jni.cpp, line 709]
Event: 5.826 Thread 0x000000001ac46000 Exception <a 'sun/nio/fs/WindowsException'> (0x00000000e6f6f020) thrown at [D:\src\AOSP-openjdk-cygwin\jdk8u\hotspot\src\share\vm\prims\jni.cpp, line 709]
Event: 5.826 Thread 0x000000001ac46000 Exception <a 'sun/nio/fs/WindowsException'> (0x00000000e6f6fb28) thrown at [D:\src\AOSP-openjdk-cygwin\jdk8u\hotspot\src\share\vm\prims\jni.cpp, line 709]
Event: 5.826 Thread 0x000000001ac46000 Exception <a 'sun/nio/fs/WindowsException'> (0x00000000e6f71678) thrown at [D:\src\AOSP-openjdk-cygwin\jdk8u\hotspot\src\share\vm\prims\jni.cpp, line 709]
Event: 5.826 Thread 0x000000001ac46000 Exception <a 'sun/nio/fs/WindowsException'> (0x00000000e6f721b8) thrown at [D:\src\AOSP-openjdk-cygwin\jdk8u\hotspot\src\share\vm\prims\jni.cpp, line 709]
Event: 5.861 Thread 0x000000001ac46000 Exception <a 'java/lang/ClassNotFoundException': com/sun/org/glassfish/hk2/osgiresourcelocator/ServiceLoader> (0x00000000e6fc7890) thrown at [D:\src\AOSP-openjdk-cygwin\jdk8u\hotspot\src\share\vm\classfile\systemDictionary.cpp, line 210]
Event: 5.912 Thread 0x000000001ac46000 Exception <a 'java/lang/NullPointerException'> (0x00000000e7431a58) thrown at [D:\src\AOSP-openjdk-cygwin\jdk8u\hotspot\src\share\vm\interpreter\linkResolver.cpp, line 1301]

Events (10 events):
Event: 5.971 loading class com/sun/xml/bind/annotation/XmlLocation
Event: 5.971 loading class com/sun/xml/bind/annotation/XmlLocation done
Event: 5.972 loading class javax/xml/bind/annotation/adapters/XmlJavaTypeAdapter$DEFAULT
Event: 5.972 loading class javax/xml/bind/annotation/adapters/XmlJavaTypeAdapter$DEFAULT done
Event: 5.972 loading class com/android/repository/impl/meta/TrimStringAdapter
Event: 5.972 loading class com/android/repository/impl/meta/TrimStringAdapter done
Event: 5.972 loading class javax/xml/bind/annotation/adapters/XmlAdapter
Event: 5.972 loading class javax/xml/bind/annotation/adapters/XmlAdapter done
Event: 5.974 loading class com/sun/xml/bind/v2/model/core/Adapter
Event: 5.974 loading class com/sun/xml/bind/v2/model/core/Adapter done


Dynamic libraries:
0x00007ff6e74b0000 - 0x00007ff6e74e1000 	D:\Programmes\Android Studio\jre\bin\java.exe
0x00007ff929bf0000 - 0x00007ff929dcb000 	C:\Windows\SYSTEM32\ntdll.dll
0x00007ff9292b0000 - 0x00007ff92935e000 	C:\Windows\System32\KERNEL32.DLL
0x00007ff926420000 - 0x00007ff926669000 	C:\Windows\System32\KERNELBASE.dll
0x00007ff9273b0000 - 0x00007ff927451000 	C:\Windows\System32\ADVAPI32.dll
0x00007ff927210000 - 0x00007ff9272ad000 	C:\Windows\System32\msvcrt.dll
0x00007ff927150000 - 0x00007ff9271a9000 	C:\Windows\System32\sechost.dll
0x00007ff929ab0000 - 0x00007ff929bd5000 	C:\Windows\System32\RPCRT4.dll
0x00007ff9297d0000 - 0x00007ff92991a000 	C:\Windows\System32\USER32.dll
0x00007ff926110000 - 0x00007ff92612e000 	C:\Windows\System32\win32u.dll
0x00007ff927380000 - 0x00007ff9273a7000 	C:\Windows\System32\GDI32.dll
0x00007ff926240000 - 0x00007ff9263c7000 	C:\Windows\System32\gdi32full.dll
0x00007ff9261a0000 - 0x00007ff92623a000 	C:\Windows\System32\msvcp_win.dll
0x00007ff9268a0000 - 0x00007ff926996000 	C:\Windows\System32\ucrtbase.dll
0x00007ff91dcb0000 - 0x00007ff91df17000 	C:\Windows\WinSxS\amd64_microsoft.windows.common-controls_6595b64144ccf1df_6.0.15063.1058_none_40c74ded29a7bebd\COMCTL32.dll
0x00007ff9278a0000 - 0x00007ff927b99000 	C:\Windows\System32\combase.dll
0x00007ff926130000 - 0x00007ff92619a000 	C:\Windows\System32\bcryptPrimitives.dll
0x00007ff9297a0000 - 0x00007ff9297cd000 	C:\Windows\System32\IMM32.DLL
0x00000000635c0000 - 0x0000000063692000 	D:\Programmes\Android Studio\jre\jre\bin\msvcr100.dll
0x00000000615a0000 - 0x0000000061ddf000 	D:\Programmes\Android Studio\jre\jre\bin\server\jvm.dll
0x00007ff927370000 - 0x00007ff927378000 	C:\Windows\System32\PSAPI.DLL
0x00007ff924150000 - 0x00007ff924159000 	C:\Windows\SYSTEM32\WSOCK32.dll
0x00007ff925440000 - 0x00007ff92544a000 	C:\Windows\SYSTEM32\VERSION.dll
0x00007ff924320000 - 0x00007ff924343000 	C:\Windows\SYSTEM32\WINMM.dll
0x00007ff929130000 - 0x00007ff92919c000 	C:\Windows\System32\WS2_32.dll
0x00007ff9242c0000 - 0x00007ff9242eb000 	C:\Windows\SYSTEM32\winmmbase.dll
0x00007ff9263d0000 - 0x00007ff926419000 	C:\Windows\System32\cfgmgr32.dll
0x00007ff920fd0000 - 0x00007ff920fdf000 	D:\Programmes\Android Studio\jre\jre\bin\verify.dll
0x00007ff91d4c0000 - 0x00007ff91d4e9000 	D:\Programmes\Android Studio\jre\jre\bin\java.dll
0x00007ff920960000 - 0x00007ff920976000 	D:\Programmes\Android Studio\jre\jre\bin\zip.dll
0x00007ff927ba0000 - 0x00007ff928fd8000 	C:\Windows\System32\SHELL32.dll
0x00007ff9296f0000 - 0x00007ff92979a000 	C:\Windows\System32\shcore.dll
0x00007ff9269a0000 - 0x00007ff927091000 	C:\Windows\System32\windows.storage.dll
0x00007ff929240000 - 0x00007ff929291000 	C:\Windows\System32\shlwapi.dll
0x00007ff926080000 - 0x00007ff926091000 	C:\Windows\System32\kernel.appcore.dll
0x00007ff9260a0000 - 0x00007ff9260ec000 	C:\Windows\System32\powrprof.dll
0x00007ff9260f0000 - 0x00007ff926105000 	C:\Windows\System32\profapi.dll
0x00007ff91f700000 - 0x00007ff91f71a000 	D:\Programmes\Android Studio\jre\jre\bin\net.dll
0x00007ff925910000 - 0x00007ff92596c000 	C:\Windows\system32\mswsock.dll
0x00007ff91e170000 - 0x00007ff91e181000 	D:\Programmes\Android Studio\jre\jre\bin\nio.dll
0x00007ff920fe0000 - 0x00007ff920ffe000 	C:\Users\blibl\.gradle\native\25\windows-amd64\native-platform.dll
0x00007ff920ca0000 - 0x00007ff920cad000 	D:\Programmes\Android Studio\jre\jre\bin\management.dll
0x00007ff925ab0000 - 0x00007ff925ac7000 	C:\Windows\SYSTEM32\CRYPTSP.dll
0x00007ff925540000 - 0x00007ff925574000 	C:\Windows\system32\rsaenh.dll
0x00007ff925f30000 - 0x00007ff925f55000 	C:\Windows\SYSTEM32\bcrypt.dll
0x00007ff925f90000 - 0x00007ff925fb9000 	C:\Windows\SYSTEM32\USERENV.dll
0x00007ff925ad0000 - 0x00007ff925adb000 	C:\Windows\SYSTEM32\CRYPTBASE.dll
0x00007ff9256b0000 - 0x00007ff9256e7000 	C:\Windows\SYSTEM32\IPHLPAPI.DLL
0x00007ff929be0000 - 0x00007ff929be8000 	C:\Windows\System32\NSI.dll
0x00007ff921ae0000 - 0x00007ff921af6000 	C:\Windows\SYSTEM32\dhcpcsvc6.DLL
0x00007ff921ac0000 - 0x00007ff921ada000 	C:\Windows\SYSTEM32\dhcpcsvc.DLL

VM Arguments:
jvm_args: -Xmx1536m -Dfile.encoding=windows-1252 -Duser.country=CA -Duser.language=fr -Duser.variant 
java_command: org.gradle.launcher.daemon.bootstrap.GradleDaemon 4.4
java_class_path (initial): C:\Users\blibl\.gradle\wrapper\dists\gradle-4.4-all\9br9xq1tocpiv8o6njlyu5op1\gradle-4.4\lib\gradle-launcher-4.4.jar
Launcher Type: SUN_STANDARD

Environment Variables:
PATH=C:\Program Files (x86)\NVIDIA Corporation\PhysX\Common;C:\Windows\system32;C:\Windows;C:\Windows\System32\Wbem;C:\Windows\System32\WindowsPowerShell\v1.0\;C:\Program Files\Microsoft SQL Server\130\Tools\Binn\;C:\Program Files (x86)\GtkSharp\2.12\bin;C:\Program Files\Microsoft SQL Server\110\Tools\Binn\;C:\Program Files (x86)\Microsoft SDKs\TypeScript\1.0\;C:\Program Files\MySQL\MySQL Utilities 1.6\;C:\Program Files (x86)\Common Files\ThinPrint\;C:\Windows\system32\config\systemprofile\.dnx\bin;C:\Program Files\Microsoft DNX\Dnvm\;C:\Program Files (x86)\Microsoft SQL Server\Client SDK\ODBC\130\Tools\Binn\;C:\Program Files (x86)\Microsoft SQL Server\140\Tools\Binn\;C:\Program Files (x86)\Microsoft SQL Server\140\DTS\Binn\;C:\Program Files (x86)\Microsoft SQL Server\140\Tools\Binn\ManagementStudio\;C:\Program Files\Microsoft SQL Server\Client SDK\ODBC\130\Tools\Binn\;C:\Program Files\Microsoft SQL Server\140\Tools\Binn\;C:\Program Files\Microsoft SQL Server\140\DTS\Binn\;C:\Users\blibl\AppData\Local\Microsoft\WindowsApps;
USERNAME=blibl
OS=Windows_NT
PROCESSOR_IDENTIFIER=Intel64 Family 6 Model 94 Stepping 3, GenuineIntel



---------------  S Y S T E M  ---------------

OS: Windows 10.0 , 64 bit Build 15063 (10.0.15063.1058)

CPU:total 8 (initial active 8) (4 cores per cpu, 2 threads per core) family 6 model 94 stepping 3, cmov, cx8, fxsr, mmx, sse, sse2, sse3, ssse3, sse4.1, sse4.2, popcnt, avx, avx2, aes, clmul, erms, rtm, 3dnowpref, lzcnt, ht, tsc, tscinvbit, bmi1, bmi2, adx

Memory: 4k page, physical 16702440k(10848796k free), swap 46814308k(4148k free)

vm_info: OpenJDK 64-Bit Server VM (25.152-b02) for windows-amd64 JRE (1.8.0_152-release-1024-b02), built by "builder" with MS VC++ 10.0 (VS2010)

time: Mon Jun 11 21:01:45 2018
elapsed time: 5 seconds (0d 0h 0m 5s)

